<?xml version="1.0" encoding="UTF-8"?>
<testsuite name="com.pangea.raas.ExampleUnitTest" tests="1" skipped="0" failures="0" errors="0" timestamp="2020-09-14T23:55:39" hostname="Carlos-Hernadezs-MacBook-Pro.local" time="0.0">
  <properties/>
  <testcase name="addition_isCorrect" classname="com.pangea.raas.ExampleUnitTest" time="0.0"/>
  <system-out><![CDATA[]]></system-out>
  <system-err><![CDATA[]]></system-err>
</testsuite>
